INFO 2023-06-11 17:12:34,033 [root:data.py:load_data:34]
Loaded the dataset from DataFrame!

INFO 2023-06-11 17:12:34,049 [root:data.py:clean_data:71]
Cleaning completed!

INFO 2023-06-11 17:12:34,051 [root:data.py:replace_with_no:84]
Replaced with No

INFO 2023-06-11 17:12:34,058 [root:data.py:label_encoding:94]
Label Encoding completed!

INFO 2023-06-11 17:12:34,060 [root:data.py:to_numeric:99]
Converted into int!

INFO 2023-06-11 17:12:34,064 [root:data.py:scaling:106]
Scaling Completed & saved into pkl file!

INFO 2023-06-11 17:12:34,064 [root:data.py:preprocess_data:119]
Data preprocessed!

INFO 2023-06-11 17:15:58,987 [__main__:train.py:churn_prediction:78]
Model Logistic Regression logged to MLflow.

INFO 2023-06-11 17:15:58,989 [__main__:train.py:churn_prediction:79]
Accuracy: 67.28, Precision: 67.85, Recall: 62.80, F1: 65.22

INFO 2023-06-11 17:15:58,999 [__main__:train.py:churn_prediction:83]
Classification Report for Model Logistic Regression:
              precision    recall  f1-score      support
0              0.668142  0.715640  0.691076  1055.000000
1              0.678457  0.627976  0.652241  1008.000000
accuracy       0.672807  0.672807  0.672807     0.672807
macro avg      0.673299  0.671808  0.671658  2063.000000
weighted avg   0.673182  0.672807  0.672101  2063.000000

INFO 2023-06-11 17:16:00,184 [__main__:train.py:churn_prediction:78]
Model Bernoulli Naive Bayes logged to MLflow.

INFO 2023-06-11 17:16:00,185 [__main__:train.py:churn_prediction:79]
Accuracy: 77.22, Precision: 72.99, Recall: 84.72, F1: 78.42

INFO 2023-06-11 17:16:00,193 [__main__:train.py:churn_prediction:83]
Classification Report for Model Bernoulli Naive Bayes:
              precision    recall  f1-score      support
0              0.827548  0.700474  0.758727  1055.000000
1              0.729915  0.847222  0.784206  1008.000000
accuracy       0.772176  0.772176  0.772176     0.772176
macro avg      0.778731  0.773848  0.771466  2063.000000
weighted avg   0.779843  0.772176  0.771176  2063.000000

INFO 2023-06-11 17:16:01,335 [__main__:train.py:churn_prediction:78]
Model Multinomial Naive Bayes logged to MLflow.

INFO 2023-06-11 17:16:01,336 [__main__:train.py:churn_prediction:79]
Accuracy: 68.93, Precision: 65.51, Recall: 76.88, F1: 70.74

INFO 2023-06-11 17:16:01,342 [__main__:train.py:churn_prediction:83]
Classification Report for Model Multinomial Naive Bayes:
              precision    recall  f1-score      support
0              0.735227  0.613270  0.668734  1055.000000
1              0.655114  0.768849  0.707440  1008.000000
accuracy       0.689287  0.689287  0.689287     0.689287
macro avg      0.695171  0.691060  0.688087  2063.000000
weighted avg   0.696083  0.689287  0.687646  2063.000000

INFO 2023-06-11 17:16:02,520 [__main__:train.py:churn_prediction:78]
Model Gaussian Naive Bayes logged to MLflow.

INFO 2023-06-11 17:16:02,521 [__main__:train.py:churn_prediction:79]
Accuracy: 78.57, Precision: 74.65, Recall: 85.02, F1: 79.50

INFO 2023-06-11 17:16:02,528 [__main__:train.py:churn_prediction:83]
Classification Report for Model Gaussian Naive Bayes:
              precision    recall  f1-score      support
0              0.834973  0.724171  0.775635  1055.000000
1              0.746516  0.850198  0.794991  1008.000000
accuracy       0.785749  0.785749  0.785749     0.785749
macro avg      0.790744  0.787185  0.785313  2063.000000
weighted avg   0.791752  0.785749  0.785092  2063.000000

INFO 2023-06-11 17:16:03,780 [__main__:train.py:churn_prediction:78]
Model Decision Tree logged to MLflow.

INFO 2023-06-11 17:16:03,781 [__main__:train.py:churn_prediction:79]
Accuracy: 78.96, Precision: 77.23, Recall: 80.75, F1: 78.95

INFO 2023-06-11 17:16:03,788 [__main__:train.py:churn_prediction:83]
Classification Report for Model Decision Tree:
              precision    recall  f1-score      support
0              0.807730  0.772512  0.789729  1055.000000
1              0.772296  0.807540  0.789525  1008.000000
accuracy       0.789627  0.789627  0.789627     0.789627
macro avg      0.790013  0.790026  0.789627  2063.000000
weighted avg   0.790417  0.789627  0.789629  2063.000000

INFO 2023-06-11 17:16:05,588 [__main__:train.py:churn_prediction:78]
Model Random Forest logged to MLflow.

INFO 2023-06-11 17:16:05,589 [__main__:train.py:churn_prediction:79]
Accuracy: 81.63, Precision: 80.10, Recall: 83.04, F1: 81.54

INFO 2023-06-11 17:16:05,597 [__main__:train.py:churn_prediction:83]
Classification Report for Model Random Forest:
              precision    recall  f1-score      support
0              0.832024  0.802844  0.817173  1055.000000
1              0.800957  0.830357  0.815392  1008.000000
accuracy       0.816287  0.816287  0.816287     0.816287
macro avg      0.816490  0.816600  0.816283  2063.000000
weighted avg   0.816844  0.816287  0.816303  2063.000000

INFO 2023-06-11 17:16:05,643 [__main__:train.py:churn_prediction:102]
Best model: Random Forest

INFO 2023-06-11 17:16:05,643 [__main__:train.py:churn_prediction:103]
Churn model and evaluation scores saved to /Users/tarakram/Documents/Churn-Prediction/artifacts.

INFO 2023-06-11 17:16:05,646 [__main__:train.py:<module>:126]
Classification Report for Model Logistic Regression:
Model        Logistic Regression
Accuracy               67.280659
Precision              67.845659
Recall                 62.797619
F1                     65.224111
Name: 0, dtype: object

INFO 2023-06-11 17:16:05,647 [__main__:train.py:<module>:126]
Classification Report for Model Bernoulli Naive Bayes:
Model        Bernoulli Naive Bayes
Accuracy                 77.217644
Precision                72.991453
Recall                   84.722222
F1                       78.420569
Name: 1, dtype: object

INFO 2023-06-11 17:16:05,649 [__main__:train.py:<module>:126]
Classification Report for Model Multinomial Naive Bayes:
Model        Multinomial Naive Bayes
Accuracy                   68.928745
Precision                  65.511412
Recall                     76.884921
F1                         70.743953
Name: 2, dtype: object

INFO 2023-06-11 17:16:05,650 [__main__:train.py:<module>:126]
Classification Report for Model Gaussian Naive Bayes:
Model        Gaussian Naive Bayes
Accuracy                78.574891
Precision               74.651568
Recall                  85.019841
F1                      79.499072
Name: 3, dtype: object

INFO 2023-06-11 17:16:05,651 [__main__:train.py:<module>:126]
Classification Report for Model Decision Tree:
Model        Decision Tree
Accuracy         78.962676
Precision        77.229602
Recall           80.753968
F1               78.952473
Name: 4, dtype: object

INFO 2023-06-11 17:16:05,653 [__main__:train.py:<module>:126]
Classification Report for Model Random Forest:
Model        Random Forest
Accuracy         81.628696
Precision        80.095694
Recall           83.035714
F1               81.539211
Name: 5, dtype: object

INFO 2023-06-11 17:18:47,452 [root:utils.py:<module>:18]
Got the Numerical columns !

INFO 2023-06-11 17:18:47,454 [root:utils.py:<module>:32]
Got the Categorical columns !

INFO 2023-06-11 17:19:27,719 [root:data.py:load_data:34]
Loaded the dataset from DataFrame!

INFO 2023-06-11 17:19:27,724 [root:data.py:clean_data:71]
Cleaning completed!

INFO 2023-06-11 17:19:27,725 [root:data.py:replace_with_no:84]
Replaced with No

INFO 2023-06-11 17:20:57,310 [root:data.py:load_data:31]
Loaded the dataset from DataFrame!

INFO 2023-06-11 17:20:57,322 [root:data.py:clean_data:68]
Cleaning completed!

INFO 2023-06-11 17:20:57,324 [root:data.py:replace_with_no:81]
Replaced with No

INFO 2023-06-11 17:20:57,330 [root:data.py:label_encoding:91]
Label Encoding completed!

INFO 2023-06-11 17:20:57,332 [root:data.py:to_numeric:96]
Converted into int!

INFO 2023-06-11 17:20:57,336 [root:data.py:scaling:103]
Scaling Completed & saved into pkl file!

INFO 2023-06-11 17:20:57,337 [root:data.py:preprocess_data:116]
Data preprocessed!

INFO 2023-06-11 17:24:24,277 [root:data.py:load_data:31]
Loaded the dataset from DataFrame!

INFO 2023-06-11 17:24:24,295 [root:data.py:clean_data:68]
Cleaning completed!

INFO 2023-06-11 17:24:24,296 [root:data.py:replace_with_no:81]
Replaced with No

INFO 2023-06-11 17:27:13,550 [root:train.py:churn_prediction:67]
Model Logistic Regression logged to MLflow.

INFO 2023-06-11 17:27:13,552 [root:train.py:churn_prediction:68]
Accuracy: 66.21, Precision: 67.69, Recall: 59.03, F1: 63.06

INFO 2023-06-11 17:27:13,560 [root:train.py:churn_prediction:72]
Classification Report for Model Logistic Regression:
              precision    recall  f1-score      support
0              0.651182  0.730806  0.688700  1055.000000
1              0.676906  0.590278  0.630631  1008.000000
accuracy       0.662143  0.662143  0.662143     0.662143
macro avg      0.664044  0.660542  0.659665  2063.000000
weighted avg   0.663751  0.662143  0.660327  2063.000000

INFO 2023-06-11 17:27:14,688 [root:train.py:churn_prediction:67]
Model Bernoulli Naive Bayes logged to MLflow.

INFO 2023-06-11 17:27:14,689 [root:train.py:churn_prediction:68]
Accuracy: 77.70, Precision: 73.18, Recall: 85.81, F1: 79.00

INFO 2023-06-11 17:27:14,695 [root:train.py:churn_prediction:72]
Classification Report for Model Bernoulli Naive Bayes:
              precision    recall  f1-score      support
0              0.837684  0.699526  0.762397  1055.000000
1              0.731810  0.858135  0.789954  1008.000000
accuracy       0.777024  0.777024  0.777024     0.777024
macro avg      0.784747  0.778830  0.776176  2063.000000
weighted avg   0.785953  0.777024  0.775862  2063.000000

INFO 2023-06-11 17:27:15,900 [root:train.py:churn_prediction:67]
Model Multinomial Naive Bayes logged to MLflow.

INFO 2023-06-11 17:27:15,901 [root:train.py:churn_prediction:68]
Accuracy: 68.49, Precision: 65.27, Recall: 75.89, F1: 70.18

INFO 2023-06-11 17:27:15,908 [root:train.py:churn_prediction:72]
Classification Report for Model Multinomial Naive Bayes:
              precision    recall  f1-score      support
0              0.727273  0.614218  0.665982  1055.000000
1              0.652730  0.758929  0.701835  1008.000000
accuracy       0.684925  0.684925  0.684925     0.684925
macro avg      0.690002  0.686573  0.683908  2063.000000
weighted avg   0.690851  0.684925  0.683500  2063.000000

INFO 2023-06-11 17:27:17,130 [root:train.py:churn_prediction:67]
Model Gaussian Naive Bayes logged to MLflow.

INFO 2023-06-11 17:27:17,131 [root:train.py:churn_prediction:68]
Accuracy: 78.57, Precision: 74.69, Recall: 84.92, F1: 79.48

INFO 2023-06-11 17:27:17,139 [root:train.py:churn_prediction:72]
Classification Report for Model Gaussian Naive Bayes:
              precision    recall  f1-score      support
0              0.834242  0.725118  0.775862  1055.000000
1              0.746946  0.849206  0.794800  1008.000000
accuracy       0.785749  0.785749  0.785749     0.785749
macro avg      0.790594  0.787162  0.785331  2063.000000
weighted avg   0.791588  0.785749  0.785115  2063.000000

INFO 2023-06-11 17:27:18,336 [root:train.py:churn_prediction:67]
Model Decision Tree logged to MLflow.

INFO 2023-06-11 17:27:18,337 [root:train.py:churn_prediction:68]
Accuracy: 80.13, Precision: 77.48, Recall: 83.63, F1: 80.44

INFO 2023-06-11 17:27:18,343 [root:train.py:churn_prediction:72]
Classification Report for Model Decision Tree:
              precision    recall  f1-score     support
0              0.830769  0.767773  0.798030  1055.00000
1              0.774816  0.836310  0.804389  1008.00000
accuracy       0.801260  0.801260  0.801260     0.80126
macro avg      0.802793  0.802041  0.801209  2063.00000
weighted avg   0.803430  0.801260  0.801137  2063.00000

INFO 2023-06-11 17:27:20,044 [root:train.py:churn_prediction:67]
Model Random Forest logged to MLflow.

INFO 2023-06-11 17:27:20,045 [root:train.py:churn_prediction:68]
Accuracy: 83.37, Precision: 80.93, Recall: 86.31, F1: 83.53

INFO 2023-06-11 17:27:20,052 [root:train.py:churn_prediction:72]
Classification Report for Model Random Forest:
              precision    recall  f1-score      support
0              0.860324  0.805687  0.832110  1055.000000
1              0.809302  0.863095  0.835334  1008.000000
accuracy       0.833737  0.833737  0.833737     0.833737
macro avg      0.834813  0.834391  0.833722  2063.000000
weighted avg   0.835394  0.833737  0.833685  2063.000000

INFO 2023-06-11 17:27:20,099 [root:train.py:churn_prediction:91]
Best model: Random Forest

INFO 2023-06-11 17:27:20,100 [root:train.py:churn_prediction:92]
Churn model and evaluation scores saved to /Users/tarakram/Documents/Churn-Prediction/artifacts.

INFO 2023-06-11 17:27:20,102 [root:train.py:<module>:115]
Classification Report for Model Logistic Regression:
Model        Logistic Regression
Accuracy               66.214251
Precision              67.690557
Recall                 59.027778
F1                     63.063063
Name: 0, dtype: object

INFO 2023-06-11 17:27:20,103 [root:train.py:<module>:115]
Classification Report for Model Bernoulli Naive Bayes:
Model        Bernoulli Naive Bayes
Accuracy                 77.702375
Precision                73.181049
Recall                   85.813492
F1                       78.995434
Name: 1, dtype: object

INFO 2023-06-11 17:27:20,104 [root:train.py:<module>:115]
Classification Report for Model Multinomial Naive Bayes:
Model        Multinomial Naive Bayes
Accuracy                   68.492487
Precision                  65.273038
Recall                     75.892857
F1                         70.183486
Name: 2, dtype: object

INFO 2023-06-11 17:27:20,105 [root:train.py:<module>:115]
Classification Report for Model Gaussian Naive Bayes:
Model        Gaussian Naive Bayes
Accuracy                78.574891
Precision                74.69459
Recall                  84.920635
F1                      79.480037
Name: 3, dtype: object

INFO 2023-06-11 17:27:20,107 [root:train.py:<module>:115]
Classification Report for Model Decision Tree:
Model        Decision Tree
Accuracy          80.12603
Precision        77.481618
Recall           83.630952
F1               80.438931
Name: 4, dtype: object

INFO 2023-06-11 17:27:20,108 [root:train.py:<module>:115]
Classification Report for Model Random Forest:
Model        Random Forest
Accuracy         83.373728
Precision        80.930233
Recall           86.309524
F1               83.533365
Name: 5, dtype: object

INFO 2023-06-11 17:28:00,148 [root:data.py:load_data:31]
Loaded the dataset from DataFrame!

INFO 2023-06-11 17:28:00,159 [root:data.py:clean_data:68]
Cleaning completed!

INFO 2023-06-11 17:28:00,160 [root:data.py:replace_with_no:81]
Replaced with No

INFO 2023-06-11 17:30:31,023 [root:data.py:load_data:30]
Loaded the dataset from DataFrame!

INFO 2023-06-11 17:30:31,035 [root:data.py:clean_data:67]
Cleaning completed!

INFO 2023-06-11 17:30:31,036 [root:data.py:replace_with_no:80]
Replaced with No

INFO 2023-06-11 17:30:31,042 [root:data.py:label_encoding:89]
Label Encoding completed!

INFO 2023-06-11 17:30:31,044 [root:data.py:to_numeric:94]
Converted into int!

INFO 2023-06-11 17:30:31,047 [root:data.py:scaling:101]
Scaling Completed!

INFO 2023-06-11 17:30:31,048 [root:data.py:preprocess_data:114]
Data preprocessed!

INFO 2023-06-11 17:31:42,383 [root:data.py:load_data:30]
Loaded the dataset from DataFrame!

INFO 2023-06-11 17:31:42,395 [root:data.py:clean_data:67]
Cleaning completed!

INFO 2023-06-11 17:31:42,396 [root:data.py:replace_with_no:80]
Replaced with No

INFO 2023-06-11 17:31:42,402 [root:data.py:label_encoding:89]
Label Encoding completed!

INFO 2023-06-11 17:31:42,404 [root:data.py:to_numeric:94]
Converted into int!

INFO 2023-06-11 17:31:42,407 [root:data.py:scaling:101]
Scaling Completed!

INFO 2023-06-11 17:31:42,407 [root:data.py:preprocess_data:114]
Data preprocessed!

INFO 2023-06-11 17:35:11,485 [root:train.py:churn_prediction:67]
Model Logistic Regression logged to MLflow.

INFO 2023-06-11 17:35:11,488 [root:train.py:churn_prediction:68]
Accuracy: 65.05, Precision: 68.37, Recall: 52.98, F1: 59.70

INFO 2023-06-11 17:35:11,495 [root:train.py:churn_prediction:72]
Classification Report for Model Logistic Regression:
              precision    recall  f1-score      support
0              0.630265  0.765877  0.691485  1055.000000
1              0.683739  0.529762  0.596982  1008.000000
accuracy       0.650509  0.650509  0.650509     0.650509
macro avg      0.657002  0.647819  0.644233  2063.000000
weighted avg   0.656393  0.650509  0.645310  2063.000000

INFO 2023-06-11 17:35:12,637 [root:train.py:churn_prediction:67]
Model Bernoulli Naive Bayes logged to MLflow.

INFO 2023-06-11 17:35:12,637 [root:train.py:churn_prediction:68]
Accuracy: 77.46, Precision: 72.99, Recall: 85.52, F1: 78.76

INFO 2023-06-11 17:35:12,644 [root:train.py:churn_prediction:72]
Classification Report for Model Bernoulli Naive Bayes:
              precision    recall  f1-score    support
0              0.834467  0.697630  0.759938  1055.0000
1              0.729890  0.855159  0.787574  1008.0000
accuracy       0.774600  0.774600  0.774600     0.7746
macro avg      0.782179  0.776395  0.773756  2063.0000
weighted avg   0.783370  0.774600  0.773441  2063.0000

INFO 2023-06-11 17:35:13,790 [root:train.py:churn_prediction:67]
Model Multinomial Naive Bayes logged to MLflow.

INFO 2023-06-11 17:35:13,791 [root:train.py:churn_prediction:68]
Accuracy: 67.77, Precision: 64.77, Recall: 74.60, F1: 69.34

INFO 2023-06-11 17:35:13,799 [root:train.py:churn_prediction:72]
Classification Report for Model Multinomial Naive Bayes:
              precision    recall  f1-score      support
0              0.716186  0.612322  0.660194  1055.000000
1              0.647717  0.746032  0.693407  1008.000000
accuracy       0.677654  0.677654  0.677654     0.677654
macro avg      0.681952  0.679177  0.676801  2063.000000
weighted avg   0.682732  0.677654  0.676422  2063.000000

INFO 2023-06-11 17:35:14,892 [root:train.py:churn_prediction:67]
Model Gaussian Naive Bayes logged to MLflow.

INFO 2023-06-11 17:35:14,893 [root:train.py:churn_prediction:68]
Accuracy: 78.28, Precision: 74.48, Recall: 84.52, F1: 79.18

INFO 2023-06-11 17:35:14,900 [root:train.py:churn_prediction:72]
Classification Report for Model Gaussian Naive Bayes:
              precision    recall  f1-score      support
0              0.830250  0.723223  0.773050  1055.000000
1              0.744755  0.845238  0.791822  1008.000000
accuracy       0.782841  0.782841  0.782841     0.782841
macro avg      0.787503  0.784230  0.782436  2063.000000
weighted avg   0.788477  0.782841  0.782222  2063.000000

INFO 2023-06-11 17:35:16,222 [root:train.py:churn_prediction:67]
Model Decision Tree logged to MLflow.

INFO 2023-06-11 17:35:16,223 [root:train.py:churn_prediction:68]
Accuracy: 77.56, Precision: 75.44, Recall: 80.16, F1: 77.73

INFO 2023-06-11 17:35:16,230 [root:train.py:churn_prediction:72]
Classification Report for Model Decision Tree:
              precision    recall  f1-score     support
0              0.798387  0.750711  0.773815  1055.00000
1              0.754435  0.801587  0.777297  1008.00000
accuracy       0.775570  0.775570  0.775570     0.77557
macro avg      0.776411  0.776149  0.775556  2063.00000
weighted avg   0.776912  0.775570  0.775516  2063.00000

INFO 2023-06-11 17:35:18,027 [root:train.py:churn_prediction:67]
Model Random Forest logged to MLflow.

INFO 2023-06-11 17:35:18,028 [root:train.py:churn_prediction:68]
Accuracy: 82.55, Precision: 80.68, Recall: 84.52, F1: 82.56

INFO 2023-06-11 17:35:18,036 [root:train.py:churn_prediction:72]
Classification Report for Model Random Forest:
              precision    recall  f1-score      support
0              0.845084  0.806635  0.825412  1055.000000
1              0.806818  0.845238  0.825581  1008.000000
accuracy       0.825497  0.825497  0.825497     0.825497
macro avg      0.825951  0.825937  0.825497  2063.000000
weighted avg   0.826387  0.825497  0.825495  2063.000000

INFO 2023-06-11 17:35:18,083 [root:train.py:churn_prediction:91]
Best model: Random Forest

INFO 2023-06-11 17:35:18,083 [root:train.py:churn_prediction:92]
Churn model and evaluation scores saved to /Users/tarakram/Documents/Churn-Prediction/artifacts.

INFO 2023-06-11 17:35:18,086 [root:train.py:<module>:115]
Classification Report for Model Logistic Regression:
Model        Logistic Regression
Accuracy               65.050897
Precision               68.37388
Recall                  52.97619
F1                     59.698155
Name: 0, dtype: object

INFO 2023-06-11 17:35:18,087 [root:train.py:<module>:115]
Classification Report for Model Bernoulli Naive Bayes:
Model        Bernoulli Naive Bayes
Accuracy                  77.46001
Precision                72.988992
Recall                   85.515873
F1                       78.757423
Name: 1, dtype: object

INFO 2023-06-11 17:35:18,088 [root:train.py:<module>:115]
Classification Report for Model Multinomial Naive Bayes:
Model        Multinomial Naive Bayes
Accuracy                    67.76539
Precision                  64.771748
Recall                     74.603175
F1                          69.34071
Name: 2, dtype: object

INFO 2023-06-11 17:35:18,089 [root:train.py:<module>:115]
Classification Report for Model Gaussian Naive Bayes:
Model        Gaussian Naive Bayes
Accuracy                78.284052
Precision               74.475524
Recall                   84.52381
F1                      79.182156
Name: 3, dtype: object

INFO 2023-06-11 17:35:18,090 [root:train.py:<module>:115]
Classification Report for Model Decision Tree:
Model        Decision Tree
Accuracy         77.556956
Precision        75.443511
Recall            80.15873
F1               77.729678
Name: 4, dtype: object

INFO 2023-06-11 17:35:18,092 [root:train.py:<module>:115]
Classification Report for Model Random Forest:
Model        Random Forest
Accuracy         82.549685
Precision        80.681818
Recall            84.52381
F1                82.55814
Name: 5, dtype: object

INFO 2023-06-11 17:36:44,282 [root:train.py:churn_prediction:67]
Model Logistic Regression logged to MLflow.

INFO 2023-06-11 17:36:44,284 [root:train.py:churn_prediction:68]
Accuracy: 76.81, Precision: 73.77, Recall: 84.18, F1: 78.63

INFO 2023-06-11 17:36:44,292 [root:train.py:churn_prediction:72]
Classification Report for Model Logistic Regression:
              precision    recall  f1-score      support
0.0            0.809851  0.692458  0.746568  1021.000000
1.0            0.737678  0.841754  0.786287  1049.000000
accuracy       0.768116  0.768116  0.768116     0.768116
macro avg      0.773764  0.767106  0.766427  2070.000000
weighted avg   0.773276  0.768116  0.766696  2070.000000

INFO 2023-06-11 17:36:45,441 [root:train.py:churn_prediction:67]
Model Bernoulli Naive Bayes logged to MLflow.

INFO 2023-06-11 17:36:45,442 [root:train.py:churn_prediction:68]
Accuracy: 72.95, Precision: 70.39, Recall: 80.46, F1: 75.09

INFO 2023-06-11 17:36:45,449 [root:train.py:churn_prediction:72]
Classification Report for Model Bernoulli Naive Bayes:
              precision    recall  f1-score      support
0.0            0.764638  0.652302  0.704017  1021.000000
1.0            0.703920  0.804576  0.750890  1049.000000
accuracy       0.729469  0.729469  0.729469     0.729469
macro avg      0.734279  0.728439  0.727453  2070.000000
weighted avg   0.733868  0.729469  0.727770  2070.000000

INFO 2023-06-11 17:36:46,512 [root:train.py:churn_prediction:67]
Model Multinomial Naive Bayes logged to MLflow.

INFO 2023-06-11 17:36:46,513 [root:train.py:churn_prediction:68]
Accuracy: 73.57, Precision: 71.45, Recall: 79.69, F1: 75.35

INFO 2023-06-11 17:36:46,521 [root:train.py:churn_prediction:72]
Classification Report for Model Multinomial Naive Bayes:
              precision    recall  f1-score      support
0.0            0.763333  0.672870  0.715252  1021.000000
1.0            0.714530  0.796949  0.753493  1049.000000
accuracy       0.735749  0.735749  0.735749     0.735749
macro avg      0.738932  0.734910  0.734373  2070.000000
weighted avg   0.738602  0.735749  0.734631  2070.000000

INFO 2023-06-11 17:36:47,596 [root:train.py:churn_prediction:67]
Model Gaussian Naive Bayes logged to MLflow.

INFO 2023-06-11 17:36:47,597 [root:train.py:churn_prediction:68]
Accuracy: 75.85, Precision: 72.93, Recall: 83.22, F1: 77.74

INFO 2023-06-11 17:36:47,604 [root:train.py:churn_prediction:72]
Classification Report for Model Gaussian Naive Bayes:
              precision    recall  f1-score      support
0.0            0.798396  0.682664  0.736008  1021.000000
1.0            0.729323  0.832221  0.777382  1049.000000
accuracy       0.758454  0.758454  0.758454     0.758454
macro avg      0.763860  0.757443  0.756695  2070.000000
weighted avg   0.763393  0.758454  0.756975  2070.000000

INFO 2023-06-11 17:36:48,750 [root:train.py:churn_prediction:67]
Model Decision Tree logged to MLflow.

INFO 2023-06-11 17:36:48,751 [root:train.py:churn_prediction:68]
Accuracy: 76.67, Precision: 77.37, Recall: 76.26, F1: 76.81

INFO 2023-06-11 17:36:48,759 [root:train.py:churn_prediction:72]
Classification Report for Model Decision Tree:
              precision    recall  f1-score      support
0.0            0.759653  0.770813  0.765192  1021.000000
1.0            0.773694  0.762631  0.768123  1049.000000
accuracy       0.766667  0.766667  0.766667     0.766667
macro avg      0.766673  0.766722  0.766657  2070.000000
weighted avg   0.766768  0.766667  0.766677  2070.000000

INFO 2023-06-11 17:36:50,565 [root:train.py:churn_prediction:67]
Model Random Forest logged to MLflow.

INFO 2023-06-11 17:36:50,567 [root:train.py:churn_prediction:68]
Accuracy: 83.72, Precision: 83.71, Recall: 84.27, F1: 83.99

INFO 2023-06-11 17:36:50,574 [root:train.py:churn_prediction:72]
Classification Report for Model Random Forest:
              precision    recall  f1-score      support
0.0            0.837278  0.831538  0.834398  1021.000000
1.0            0.837121  0.842707  0.839905  1049.000000
accuracy       0.837198  0.837198  0.837198     0.837198
macro avg      0.837200  0.837123  0.837152  2070.000000
weighted avg   0.837199  0.837198  0.837189  2070.000000

INFO 2023-06-11 17:36:50,619 [root:train.py:churn_prediction:91]
Best model: Random Forest

INFO 2023-06-11 17:36:50,620 [root:train.py:churn_prediction:92]
Churn model and evaluation scores saved to /Users/tarakram/Documents/Churn-Prediction/artifacts.

INFO 2023-06-11 17:36:50,624 [root:train.py:<module>:115]
Classification Report for Model Logistic Regression:
Model        Logistic Regression
Accuracy               76.811594
Precision              73.767753
Recall                 84.175405
F1                     78.628673
Name: 0, dtype: object

INFO 2023-06-11 17:36:50,625 [root:train.py:<module>:115]
Classification Report for Model Bernoulli Naive Bayes:
Model        Bernoulli Naive Bayes
Accuracy                  72.94686
Precision                70.391993
Recall                   80.457579
F1                       75.088968
Name: 1, dtype: object

INFO 2023-06-11 17:36:50,626 [root:train.py:<module>:115]
Classification Report for Model Multinomial Naive Bayes:
Model        Multinomial Naive Bayes
Accuracy                   73.574879
Precision                  71.452991
Recall                     79.694948
F1                         75.349256
Name: 2, dtype: object

INFO 2023-06-11 17:36:50,627 [root:train.py:<module>:115]
Classification Report for Model Gaussian Naive Bayes:
Model        Gaussian Naive Bayes
Accuracy                75.845411
Precision               72.932331
Recall                  83.222116
F1                      77.738201
Name: 3, dtype: object

INFO 2023-06-11 17:36:50,629 [root:train.py:<module>:115]
Classification Report for Model Decision Tree:
Model        Decision Tree
Accuracy         76.666667
Precision        77.369439
Recall           76.263108
F1                76.81229
Name: 4, dtype: object

INFO 2023-06-11 17:36:50,630 [root:train.py:<module>:115]
Classification Report for Model Random Forest:
Model        Random Forest
Accuracy         83.719807
Precision        83.712121
Recall           84.270734
F1               83.990499
Name: 5, dtype: object

INFO 2023-06-11 17:40:58,961 [root:predict.py:load_model:14]
Loaded the model

INFO 2023-06-11 17:40:58,969 [root:data.py:load_data:30]
Loaded the dataset from DataFrame!

INFO 2023-06-11 17:40:58,977 [root:data.py:clean_data:67]
Cleaning completed!

INFO 2023-06-11 17:40:58,978 [root:data.py:replace_with_no:80]
Replaced with No

INFO 2023-06-11 17:42:29,313 [root:data.py:load_data:30]
Loaded the dataset from DataFrame!

INFO 2023-06-11 17:42:29,327 [root:data.py:clean_data:67]
Cleaning completed!

INFO 2023-06-11 17:42:29,328 [root:data.py:replace_with_no:80]
Replaced with No

INFO 2023-06-11 17:42:29,335 [root:data.py:label_encoding:90]
Label Encoding completed!

INFO 2023-06-11 17:42:29,337 [root:data.py:to_numeric:95]
Converted into int!

INFO 2023-06-11 17:42:29,340 [root:data.py:scaling:102]
Scaling Completed!

INFO 2023-06-11 17:42:29,341 [root:data.py:preprocess_data:115]
Data preprocessed!

INFO 2023-06-11 17:44:17,489 [root:predict.py:load_model:14]
Loaded the model

INFO 2023-06-11 17:44:17,493 [root:data.py:load_data:30]
Loaded the dataset from DataFrame!

INFO 2023-06-11 17:44:17,500 [root:data.py:clean_data:67]
Cleaning completed!

INFO 2023-06-11 17:44:17,501 [root:data.py:replace_with_no:80]
Replaced with No

INFO 2023-06-11 17:44:17,502 [root:data.py:label_encoding:90]
Label Encoding completed!

INFO 2023-06-11 17:44:17,503 [root:data.py:to_numeric:95]
Converted into int!

INFO 2023-06-11 17:45:25,751 [root:data.py:load_data:30]
Loaded the dataset from DataFrame!

INFO 2023-06-11 17:45:25,769 [root:data.py:clean_data:67]
Cleaning completed!

INFO 2023-06-11 17:45:25,771 [root:data.py:replace_with_no:80]
Replaced with No

INFO 2023-06-11 17:45:25,777 [root:data.py:label_encoding:90]
Label Encoding completed!

INFO 2023-06-11 17:45:25,780 [root:data.py:to_numeric:95]
Converted into int!

INFO 2023-06-11 17:45:25,784 [root:data.py:scaling:103]
Scaling Completed!

INFO 2023-06-11 17:45:25,785 [root:data.py:preprocess_data:116]
Data preprocessed!

INFO 2023-06-11 17:45:38,981 [root:train.py:churn_prediction:67]
Model Logistic Regression logged to MLflow.

INFO 2023-06-11 17:45:38,984 [root:train.py:churn_prediction:68]
Accuracy: 77.63, Precision: 74.38, Recall: 85.22, F1: 79.43

INFO 2023-06-11 17:45:38,993 [root:train.py:churn_prediction:72]
Classification Report for Model Logistic Regression:
              precision    recall  f1-score      support
0.0            0.821429  0.698335  0.754897  1021.000000
1.0            0.743760  0.852240  0.794314  1049.000000
accuracy       0.776329  0.776329  0.776329     0.776329
macro avg      0.782594  0.775288  0.774605  2070.000000
weighted avg   0.782069  0.776329  0.774872  2070.000000

INFO 2023-06-11 17:45:40,278 [root:train.py:churn_prediction:67]
Model Bernoulli Naive Bayes logged to MLflow.

INFO 2023-06-11 17:45:40,279 [root:train.py:churn_prediction:68]
Accuracy: 73.57, Precision: 70.78, Recall: 81.51, F1: 75.76

INFO 2023-06-11 17:45:40,287 [root:train.py:churn_prediction:72]
Classification Report for Model Bernoulli Naive Bayes:
              precision    recall  f1-score      support
0.0            0.774942  0.654261  0.709506  1021.000000
1.0            0.707781  0.815062  0.757643  1049.000000
accuracy       0.735749  0.735749  0.735749     0.735749
macro avg      0.741362  0.734661  0.733574  2070.000000
weighted avg   0.740908  0.735749  0.733900  2070.000000

INFO 2023-06-11 17:45:41,351 [root:train.py:churn_prediction:67]
Model Multinomial Naive Bayes logged to MLflow.

INFO 2023-06-11 17:45:41,352 [root:train.py:churn_prediction:68]
Accuracy: 73.72, Precision: 71.71, Recall: 79.50, F1: 75.41

INFO 2023-06-11 17:45:41,360 [root:train.py:churn_prediction:72]
Classification Report for Model Multinomial Naive Bayes:
              precision    recall  f1-score      support
0.0            0.762955  0.677767  0.717842  1021.000000
1.0            0.717111  0.795043  0.754069  1049.000000
accuracy       0.737198  0.737198  0.737198     0.737198
macro avg      0.740033  0.736405  0.735956  2070.000000
weighted avg   0.739723  0.737198  0.736201  2070.000000

INFO 2023-06-11 17:45:42,453 [root:train.py:churn_prediction:67]
Model Gaussian Naive Bayes logged to MLflow.

INFO 2023-06-11 17:45:42,454 [root:train.py:churn_prediction:68]
Accuracy: 76.04, Precision: 73.06, Recall: 83.51, F1: 77.94

INFO 2023-06-11 17:45:42,463 [root:train.py:churn_prediction:72]
Classification Report for Model Gaussian Naive Bayes:
              precision    recall  f1-score      support
0.0            0.801378  0.683643  0.737844  1021.000000
1.0            0.730609  0.835081  0.779359  1049.000000
accuracy       0.760386  0.760386  0.760386     0.760386
macro avg      0.765993  0.759362  0.758601  2070.000000
weighted avg   0.765515  0.760386  0.758882  2070.000000

INFO 2023-06-11 17:45:43,625 [root:train.py:churn_prediction:67]
Model Decision Tree logged to MLflow.

INFO 2023-06-11 17:45:43,626 [root:train.py:churn_prediction:68]
Accuracy: 77.54, Precision: 77.86, Recall: 77.79, F1: 77.83

INFO 2023-06-11 17:45:43,635 [root:train.py:churn_prediction:72]
Classification Report for Model Decision Tree:
              precision    recall  f1-score      support
0.0            0.772016  0.772772  0.772394  1021.000000
1.0            0.778626  0.777884  0.778255  1049.000000
accuracy       0.775362  0.775362  0.775362     0.775362
macro avg      0.775321  0.775328  0.775324  2070.000000
weighted avg   0.775366  0.775362  0.775364  2070.000000

INFO 2023-06-11 17:45:45,601 [root:train.py:churn_prediction:67]
Model Random Forest logged to MLflow.

INFO 2023-06-11 17:45:45,602 [root:train.py:churn_prediction:68]
Accuracy: 83.00, Precision: 82.85, Recall: 83.79, F1: 83.32

INFO 2023-06-11 17:45:45,610 [root:train.py:churn_prediction:72]
Classification Report for Model Random Forest:
              precision    recall  f1-score      support
0.0            0.831516  0.821743  0.826601  1021.000000
1.0            0.828464  0.837941  0.833175  1049.000000
accuracy       0.829952  0.829952  0.829952     0.829952
macro avg      0.829990  0.829842  0.829888  2070.000000
weighted avg   0.829969  0.829952  0.829933  2070.000000

INFO 2023-06-11 17:45:45,660 [root:train.py:churn_prediction:91]
Best model: Random Forest

INFO 2023-06-11 17:45:45,660 [root:train.py:churn_prediction:92]
Churn model and evaluation scores saved to /Users/tarakram/Documents/Churn-Prediction/artifacts.

INFO 2023-06-11 17:45:45,663 [root:train.py:<module>:115]
Classification Report for Model Logistic Regression:
Model        Logistic Regression
Accuracy                77.63285
Precision               74.37604
Recall                 85.224023
F1                     79.431364
Name: 0, dtype: object

INFO 2023-06-11 17:45:45,665 [root:train.py:<module>:115]
Classification Report for Model Bernoulli Naive Bayes:
Model        Bernoulli Naive Bayes
Accuracy                 73.574879
Precision                70.778146
Recall                   81.506196
F1                       75.764289
Name: 1, dtype: object

INFO 2023-06-11 17:45:45,666 [root:train.py:<module>:115]
Classification Report for Model Multinomial Naive Bayes:
Model        Multinomial Naive Bayes
Accuracy                   73.719807
Precision                  71.711092
Recall                      79.50429
F1                         75.406872
Name: 2, dtype: object

INFO 2023-06-11 17:45:45,668 [root:train.py:<module>:115]
Classification Report for Model Gaussian Naive Bayes:
Model        Gaussian Naive Bayes
Accuracy                76.038647
Precision               73.060884
Recall                  83.508103
F1                      77.935943
Name: 3, dtype: object

INFO 2023-06-11 17:45:45,669 [root:train.py:<module>:115]
Classification Report for Model Decision Tree:
Model        Decision Tree
Accuracy         77.536232
Precision        77.862595
Recall            77.78837
F1               77.825465
Name: 4, dtype: object

INFO 2023-06-11 17:45:45,670 [root:train.py:<module>:115]
Classification Report for Model Random Forest:
Model        Random Forest
Accuracy         82.995169
Precision        82.846371
Recall            83.79409
F1               83.317536
Name: 5, dtype: object

INFO 2023-06-11 17:46:10,208 [root:predict.py:load_model:14]
Loaded the model

INFO 2023-06-11 17:46:10,212 [root:data.py:load_data:30]
Loaded the dataset from DataFrame!

INFO 2023-06-11 17:46:10,221 [root:data.py:clean_data:67]
Cleaning completed!

INFO 2023-06-11 17:46:10,221 [root:data.py:replace_with_no:80]
Replaced with No

INFO 2023-06-11 17:46:10,223 [root:data.py:label_encoding:90]
Label Encoding completed!

INFO 2023-06-11 17:46:10,223 [root:data.py:to_numeric:95]
Converted into int!

INFO 2023-06-11 17:46:10,227 [root:data.py:scaling:103]
Scaling Completed!

INFO 2023-06-11 17:46:10,227 [root:data.py:preprocess_data:116]
Data preprocessed!

INFO 2023-06-11 17:47:09,624 [root:predict.py:load_model:14]
Loaded the model

INFO 2023-06-11 17:47:09,626 [root:data.py:load_data:30]
Loaded the dataset from DataFrame!

INFO 2023-06-11 17:47:09,632 [root:data.py:clean_data:67]
Cleaning completed!

INFO 2023-06-11 17:47:09,633 [root:data.py:replace_with_no:80]
Replaced with No

INFO 2023-06-11 17:47:09,634 [root:data.py:label_encoding:90]
Label Encoding completed!

INFO 2023-06-11 17:47:09,635 [root:data.py:to_numeric:95]
Converted into int!

INFO 2023-06-11 17:47:09,638 [root:data.py:scaling:103]
Scaling Completed!

INFO 2023-06-11 17:47:09,639 [root:data.py:preprocess_data:116]
Data preprocessed!

INFO 2023-06-11 19:09:08,400 [root:data.py:load_data:30]
Loaded the dataset from DataFrame!

INFO 2023-06-11 19:09:08,405 [root:data.py:clean_data:67]
Cleaning completed!

INFO 2023-06-11 19:09:08,406 [root:data.py:replace_with_no:80]
Replaced with No

INFO 2023-06-11 19:09:08,409 [root:data.py:label_encoding:90]
Label Encoding completed!

INFO 2023-06-11 19:09:08,413 [root:data.py:scaling:103]
Scaling Completed!

INFO 2023-06-11 19:09:10,202 [root:train.py:churn_prediction:67]
Model Logistic Regression logged to MLflow.

INFO 2023-06-11 19:09:10,203 [root:train.py:churn_prediction:68]
Accuracy: 74.97, Precision: 70.61, Recall: 82.09, F1: 75.92

INFO 2023-06-11 19:09:10,210 [root:train.py:churn_prediction:72]
Classification Report for Model Logistic Regression:
              precision    recall  f1-score      support
0.0            0.804945  0.683781  0.739432   857.000000
1.0            0.706074  0.820933  0.759184   793.000000
accuracy       0.749697  0.749697  0.749697     0.749697
macro avg      0.755509  0.752357  0.749308  1650.000000
weighted avg   0.757427  0.749697  0.748925  1650.000000

INFO 2023-06-11 19:09:11,398 [root:train.py:churn_prediction:67]
Model Bernoulli Naive Bayes logged to MLflow.

INFO 2023-06-11 19:09:11,399 [root:train.py:churn_prediction:68]
Accuracy: 72.97, Precision: 68.02, Recall: 82.60, F1: 74.60

INFO 2023-06-11 19:09:11,406 [root:train.py:churn_prediction:72]
Classification Report for Model Bernoulli Naive Bayes:
              precision    recall  f1-score      support
0.0            0.799127  0.640607  0.711140   857.000000
1.0            0.680166  0.825977  0.746014   793.000000
accuracy       0.729697  0.729697  0.729697     0.729697
macro avg      0.739646  0.733292  0.728577  1650.000000
weighted avg   0.741954  0.729697  0.727900  1650.000000

INFO 2023-06-11 19:09:12,476 [root:train.py:churn_prediction:67]
Model Multinomial Naive Bayes logged to MLflow.

INFO 2023-06-11 19:09:12,477 [root:train.py:churn_prediction:68]
Accuracy: 73.45, Precision: 68.63, Recall: 82.47, F1: 74.91

INFO 2023-06-11 19:09:12,485 [root:train.py:churn_prediction:72]
Classification Report for Model Multinomial Naive Bayes:
              precision    recall  f1-score      support
0.0            0.800574  0.651109  0.718147   857.000000
1.0            0.686254  0.824716  0.749141   793.000000
accuracy       0.734545  0.734545  0.734545     0.734545
macro avg      0.743414  0.737912  0.733644  1650.000000
weighted avg   0.745631  0.734545  0.733043  1650.000000

INFO 2023-06-11 19:09:13,559 [root:train.py:churn_prediction:67]
Model Gaussian Naive Bayes logged to MLflow.

INFO 2023-06-11 19:09:13,560 [root:train.py:churn_prediction:68]
Accuracy: 75.64, Precision: 70.30, Recall: 85.37, F1: 77.11

INFO 2023-06-11 19:09:13,569 [root:train.py:churn_prediction:72]
Classification Report for Model Gaussian Naive Bayes:
              precision    recall  f1-score      support
0.0            0.831150  0.666278  0.739637   857.000000
1.0            0.703011  0.853720  0.771071   793.000000
accuracy       0.756364  0.756364  0.756364     0.756364
macro avg      0.767081  0.759999  0.755354  1650.000000
weighted avg   0.769566  0.756364  0.754744  1650.000000

INFO 2023-06-11 19:09:14,702 [root:train.py:churn_prediction:67]
Model Decision Tree logged to MLflow.

INFO 2023-06-11 19:09:14,703 [root:train.py:churn_prediction:68]
Accuracy: 75.94, Precision: 73.68, Recall: 77.68, F1: 75.63

INFO 2023-06-11 19:09:14,711 [root:train.py:churn_prediction:72]
Classification Report for Model Decision Tree:
              precision    recall  f1-score      support
0.0            0.782555  0.743291  0.762418   857.000000
1.0            0.736842  0.776797  0.756292   793.000000
accuracy       0.759394  0.759394  0.759394     0.759394
macro avg      0.759699  0.760044  0.759355  1650.000000
weighted avg   0.760585  0.759394  0.759474  1650.000000

INFO 2023-06-11 19:09:16,411 [root:train.py:churn_prediction:67]
Model Random Forest logged to MLflow.

INFO 2023-06-11 19:09:16,412 [root:train.py:churn_prediction:68]
Accuracy: 81.76, Precision: 79.36, Recall: 83.86, F1: 81.55

INFO 2023-06-11 19:09:16,419 [root:train.py:churn_prediction:72]
Classification Report for Model Random Forest:
              precision    recall  f1-score      support
0.0            0.842365  0.798133  0.819652   857.000000
1.0            0.793556  0.838588  0.815451   793.000000
accuracy       0.817576  0.817576  0.817576     0.817576
macro avg      0.817960  0.818360  0.817552  1650.000000
weighted avg   0.818907  0.817576  0.817633  1650.000000

INFO 2023-06-11 19:09:16,455 [root:train.py:churn_prediction:91]
Best model: Random Forest

INFO 2023-06-11 19:09:16,456 [root:train.py:churn_prediction:92]
Churn model and evaluation scores saved to /Users/tarakram/Documents/Churn-Prediction/artifacts.

INFO 2023-06-11 19:10:54,874 [root:data.py:load_data:30]
Loaded the dataset from DataFrame!

INFO 2023-06-11 19:10:54,880 [root:data.py:clean_data:67]
Cleaning completed!

INFO 2023-06-11 19:10:54,881 [root:data.py:replace_with_no:80]
Replaced with No

INFO 2023-06-11 19:10:54,883 [root:data.py:label_encoding:90]
Label Encoding completed!

INFO 2023-06-11 19:10:54,887 [root:data.py:scaling:103]
Scaling Completed!

INFO 2023-06-11 19:10:56,878 [root:train.py:churn_prediction:67]
Model Logistic Regression logged to MLflow.

INFO 2023-06-11 19:10:56,879 [root:train.py:churn_prediction:68]
Accuracy: 74.12, Precision: 69.85, Recall: 81.21, F1: 75.10

INFO 2023-06-11 19:10:56,885 [root:train.py:churn_prediction:72]
Classification Report for Model Logistic Regression:
              precision    recall  f1-score      support
0.0            0.795330  0.675613  0.730599   857.000000
1.0            0.698482  0.812106  0.751020   793.000000
accuracy       0.741212  0.741212  0.741212     0.741212
macro avg      0.746906  0.743859  0.740810  1650.000000
weighted avg   0.748784  0.741212  0.740414  1650.000000

INFO 2023-06-11 19:10:58,049 [root:train.py:churn_prediction:67]
Model Bernoulli Naive Bayes logged to MLflow.

INFO 2023-06-11 19:10:58,050 [root:train.py:churn_prediction:68]
Accuracy: 72.36, Precision: 68.50, Recall: 78.69, F1: 73.24

INFO 2023-06-11 19:10:58,058 [root:train.py:churn_prediction:72]
Classification Report for Model Bernoulli Naive Bayes:
              precision    recall  f1-score      support
0.0            0.771313  0.665111  0.714286   857.000000
1.0            0.684962  0.786885  0.732394   793.000000
accuracy       0.723636  0.723636  0.723636     0.723636
macro avg      0.728137  0.725998  0.723340  1650.000000
weighted avg   0.729812  0.723636  0.722989  1650.000000

INFO 2023-06-11 19:10:59,220 [root:train.py:churn_prediction:67]
Model Multinomial Naive Bayes logged to MLflow.

INFO 2023-06-11 19:10:59,221 [root:train.py:churn_prediction:68]
Accuracy: 72.42, Precision: 68.21, Recall: 79.82, F1: 73.56

INFO 2023-06-11 19:10:59,229 [root:train.py:churn_prediction:72]
Classification Report for Model Multinomial Naive Bayes:
              precision    recall  f1-score      support
0.0            0.778393  0.655776  0.711843   857.000000
1.0            0.682112  0.798235  0.735619   793.000000
accuracy       0.724242  0.724242  0.724242     0.724242
macro avg      0.730253  0.727005  0.723731  1650.000000
weighted avg   0.732120  0.724242  0.723270  1650.000000

INFO 2023-06-11 19:11:00,311 [root:train.py:churn_prediction:67]
Model Gaussian Naive Bayes logged to MLflow.

INFO 2023-06-11 19:11:00,312 [root:train.py:churn_prediction:68]
Accuracy: 75.39, Precision: 70.74, Recall: 83.23, F1: 76.48

INFO 2023-06-11 19:11:00,320 [root:train.py:churn_prediction:72]
Classification Report for Model Gaussian Naive Bayes:
              precision    recall  f1-score      support
0.0            0.814505  0.681447  0.742058   857.000000
1.0            0.707395  0.832282  0.764774   793.000000
accuracy       0.753939  0.753939  0.753939     0.753939
macro avg      0.760950  0.756865  0.753416  1650.000000
weighted avg   0.763027  0.753939  0.752976  1650.000000

INFO 2023-06-11 19:11:01,452 [root:train.py:churn_prediction:67]
Model Decision Tree logged to MLflow.

INFO 2023-06-11 19:11:01,453 [root:train.py:churn_prediction:68]
Accuracy: 76.97, Precision: 74.85, Recall: 78.44, F1: 76.60

INFO 2023-06-11 19:11:01,461 [root:train.py:churn_prediction:72]
Classification Report for Model Decision Tree:
              precision    recall  f1-score      support
0.0            0.791209  0.756126  0.773270   857.000000
1.0            0.748496  0.784363  0.766010   793.000000
accuracy       0.769697  0.769697  0.769697     0.769697
macro avg      0.769852  0.770245  0.769640  1650.000000
weighted avg   0.770681  0.769697  0.769781  1650.000000

INFO 2023-06-11 19:11:03,250 [root:train.py:churn_prediction:67]
Model Random Forest logged to MLflow.

INFO 2023-06-11 19:11:03,251 [root:train.py:churn_prediction:68]
Accuracy: 81.21, Precision: 78.99, Recall: 82.98, F1: 80.93

INFO 2023-06-11 19:11:03,258 [root:train.py:churn_prediction:72]
Classification Report for Model Random Forest:
              precision    recall  f1-score      support
0.0            0.834761  0.795799  0.814815   857.000000
1.0            0.789916  0.829760  0.809348   793.000000
accuracy       0.812121  0.812121  0.812121     0.812121
macro avg      0.812339  0.812780  0.812081  1650.000000
weighted avg   0.813208  0.812121  0.812187  1650.000000

INFO 2023-06-11 19:11:03,294 [root:train.py:churn_prediction:91]
Best model: Random Forest

INFO 2023-06-11 19:11:03,295 [root:train.py:churn_prediction:92]
Churn model and evaluation scores saved to /Users/tarakram/Documents/Churn-Prediction/artifacts.

INFO 2023-06-11 19:11:03,320 [root:data.py:load_data:30]
Loaded the dataset from DataFrame!

INFO 2023-06-11 19:11:03,323 [root:data.py:clean_data:67]
Cleaning completed!

INFO 2023-06-11 19:11:03,324 [root:data.py:replace_with_no:80]
Replaced with No

INFO 2023-06-11 19:11:03,327 [root:data.py:label_encoding:90]
Label Encoding completed!

INFO 2023-06-11 19:11:03,331 [root:data.py:scaling:103]
Scaling Completed!

